Arguments: 
  /usr/local/Cellar/node/11.2.0/bin/node /usr/local/Cellar/yarn/1.12.3/libexec/bin/yarn.js install --production

PATH: 
  /usr/local/bin:/usr/bin:/bin:/usr/sbin:/sbin:/usr/local/go/bin

Yarn version: 
  1.12.3

Node version: 
  11.2.0

Platform: 
  darwin x64

Trace: 
  Error: https://registry.yarnpkg.com/hexo: tunneling socket could not be established, cause=connect EHOSTUNREACH 0.0.31.144:80 - Local (10.9.93.86:60677)
      at ClientRequest.onError (/usr/local/Cellar/yarn/1.12.3/libexec/lib/cli.js:140504:17)
      at Object.onceWrapper (events.js:273:13)
      at ClientRequest.emit (events.js:182:13)
      at Socket.socketErrorListener (_http_client.js:399:9)
      at Socket.emit (events.js:182:13)
      at emitErrorNT (internal/streams/destroy.js:82:8)
      at emitErrorAndCloseNT (internal/streams/destroy.js:50:3)
      at process.internalTickCallback (internal/process/next_tick.js:72:19)

npm manifest: 
  {
    "name": "hexo-site",
    "version": "0.0.0",
    "private": true,
    "hexo": {
      "version": ""
    },
    "dependencies": {
      "hexo": "^3.8.0",
      "hexo-generator-archive": "^0.1.5",
      "hexo-generator-category": "^0.1.3",
      "hexo-generator-index": "^0.2.1",
      "hexo-generator-tag": "^0.2.0",
      "hexo-renderer-ejs": "^0.3.1",
      "hexo-renderer-stylus": "^0.3.3",
      "hexo-renderer-marked": "^0.3.2",
      "hexo-server": "^0.3.3"
    }
  }

yarn manifest: 
  No manifest

Lockfile: 
  No lockfile
